<?xml version="1.0" encoding="UTF-8"?>
<!-- Generated by org.testng.reporters.JUnitXMLReporter -->
<testsuite ignored="0" hostname="Cherry-Prem" failures="1" tests="1" name="Test" time="16.928" errors="0" timestamp="2025-05-29T01:48:33 IST">
  <testcase classname="testCases.LoginTest" name="loginTest" time="13.785">
    <failure type="java.lang.AssertionError" message="null">
      <![CDATA[java.lang.AssertionError: null
at testCases.LoginTest.loginTest(LoginTest.java:53)
at java.base/java.util.ArrayList.forEach(ArrayList.java:1596)
... Removed 27 stack frames]]>
    </failure>
  </testcase> <!-- loginTest -->
</testsuite> <!-- Test -->
