<?xml version="1.0" encoding="UTF-8"?>
<!-- Generated by org.testng.reporters.JUnitXMLReporter -->
<testsuite ignored="0" hostname="Cherry-Prem" failures="1" tests="2" name="Test" time="21.911" errors="0" timestamp="2025-05-29T23:14:18 IST">
  <testcase classname="testCases.RegistrationPageTest" name="Registration_Test" time="1.506"/>
  <testcase classname="testCases.LoginTest" name="loginTest" time="13.469">
    <failure type="java.lang.AssertionError" message="null">
      <![CDATA[java.lang.AssertionError: null
at testCases.LoginTest.loginTest(LoginTest.java:53)
at java.base/java.util.ArrayList.forEach(ArrayList.java:1596)
... Removed 31 stack frames]]>
    </failure>
  </testcase> <!-- loginTest -->
</testsuite> <!-- Test -->
