<?xml version="1.0" encoding="UTF-8"?>
<testng-results ignored="0" total="2" passed="2" failed="0" skipped="0">
  <reporter-output>
  </reporter-output>
  <suite started-at="2025-05-30T01:21:30 IST" name="Suite" finished-at="2025-05-30T01:21:41 IST" duration-ms="11443">
    <groups>
      <group name="regression">
        <method signature="RegistrationPageTest.Registration_Test()[pri:0, instance:testCases.RegistrationPageTest@33b1c5c5]" name="Registration_Test" class="testCases.RegistrationPageTest"/>
      </group> <!-- regression -->
      <group name="sanity">
        <method signature="LoginTest.loginTest()[pri:0, instance:testCases.LoginTest@305a0c5f]" name="loginTest" class="testCases.LoginTest"/>
      </group> <!-- sanity -->
      <group name="master">
        <method signature="LoginTest.loginTest()[pri:0, instance:testCases.LoginTest@305a0c5f]" name="loginTest" class="testCases.LoginTest"/>
        <method signature="RegistrationPageTest.Registration_Test()[pri:0, instance:testCases.RegistrationPageTest@33b1c5c5]" name="Registration_Test" class="testCases.RegistrationPageTest"/>
      </group> <!-- master -->
    </groups>
    <test started-at="2025-05-30T01:21:30 IST" name="Test" finished-at="2025-05-30T01:21:41 IST" duration-ms="11443">
      <class name="testCases.LoginTest">
        <test-method is-config="true" signature="setUp(java.lang.String,java.lang.String)[pri:0, instance:testCases.LoginTest@305a0c5f]" started-at="2025-05-30T01:21:35 IST" name="setUp" finished-at="2025-05-30T01:21:37 IST" duration-ms="2109" status="PASS">
          <params>
            <param index="0">
              <value>
                <![CDATA[Windows]]>
              </value>
            </param>
            <param index="1">
              <value>
                <![CDATA[chrome]]>
              </value>
            </param>
          </params>
          <reporter-output>
          </reporter-output>
        </test-method> <!-- setUp -->
        <test-method signature="loginTest()[pri:0, instance:testCases.LoginTest@305a0c5f]" started-at="2025-05-30T01:21:37 IST" name="loginTest" finished-at="2025-05-30T01:21:41 IST" duration-ms="4371" status="PASS">
          <reporter-output>
          </reporter-output>
        </test-method> <!-- loginTest -->
        <test-method is-config="true" signature="tearDown()[pri:0, instance:testCases.LoginTest@305a0c5f]" started-at="2025-05-30T01:21:41 IST" name="tearDown" finished-at="2025-05-30T01:21:41 IST" duration-ms="189" status="PASS">
          <reporter-output>
          </reporter-output>
        </test-method> <!-- tearDown -->
      </class> <!-- testCases.LoginTest -->
      <class name="testCases.RegistrationPageTest">
        <test-method is-config="true" signature="setUp(java.lang.String,java.lang.String)[pri:0, instance:testCases.RegistrationPageTest@33b1c5c5]" started-at="2025-05-30T01:21:30 IST" name="setUp" finished-at="2025-05-30T01:21:33 IST" duration-ms="2647" status="PASS">
          <params>
            <param index="0">
              <value>
                <![CDATA[Windows]]>
              </value>
            </param>
            <param index="1">
              <value>
                <![CDATA[chrome]]>
              </value>
            </param>
          </params>
          <reporter-output>
          </reporter-output>
        </test-method> <!-- setUp -->
        <test-method signature="Registration_Test()[pri:0, instance:testCases.RegistrationPageTest@33b1c5c5]" started-at="2025-05-30T01:21:33 IST" name="Registration_Test" finished-at="2025-05-30T01:21:34 IST" duration-ms="1733" status="PASS">
          <reporter-output>
          </reporter-output>
        </test-method> <!-- Registration_Test -->
        <test-method is-config="true" signature="tearDown()[pri:0, instance:testCases.RegistrationPageTest@33b1c5c5]" started-at="2025-05-30T01:21:35 IST" name="tearDown" finished-at="2025-05-30T01:21:35 IST" duration-ms="190" status="PASS">
          <reporter-output>
          </reporter-output>
        </test-method> <!-- tearDown -->
      </class> <!-- testCases.RegistrationPageTest -->
    </test> <!-- Test -->
  </suite> <!-- Suite -->
</testng-results>
