<?xml version="1.0" encoding="UTF-8"?>
<testng-results ignored="0" total="2" passed="2" failed="0" skipped="0">
  <reporter-output>
  </reporter-output>
  <suite started-at="2025-05-28T22:20:42 IST" name="Suite" finished-at="2025-05-28T22:20:54 IST" duration-ms="12538">
    <groups>
      <group name="regression">
        <method signature="RegistrationPageTest.Registration_Test()[pri:0, instance:testCases.RegistrationPageTest@54e22bdd]" name="Registration_Test" class="testCases.RegistrationPageTest"/>
      </group> <!-- regression -->
      <group name="sanity">
        <method signature="LoginTest.loginTest()[pri:0, instance:testCases.LoginTest@20b12f8a]" name="loginTest" class="testCases.LoginTest"/>
      </group> <!-- sanity -->
      <group name="master">
        <method signature="LoginTest.loginTest()[pri:0, instance:testCases.LoginTest@20b12f8a]" name="loginTest" class="testCases.LoginTest"/>
        <method signature="RegistrationPageTest.Registration_Test()[pri:0, instance:testCases.RegistrationPageTest@54e22bdd]" name="Registration_Test" class="testCases.RegistrationPageTest"/>
      </group> <!-- master -->
    </groups>
    <test started-at="2025-05-28T22:20:42 IST" name="chrometest" finished-at="2025-05-28T22:20:54 IST" duration-ms="12538">
      <class name="testCases.LoginTest">
        <test-method is-config="true" signature="setUp(java.lang.String,java.lang.String)[pri:0, instance:testCases.LoginTest@20b12f8a]" started-at="2025-05-28T22:20:48 IST" name="setUp" finished-at="2025-05-28T22:20:50 IST" duration-ms="1608" status="PASS">
          <params>
            <param index="0">
              <value>
                <![CDATA[Windows]]>
              </value>
            </param>
            <param index="1">
              <value>
                <![CDATA[chrome]]>
              </value>
            </param>
          </params>
          <reporter-output>
          </reporter-output>
        </test-method> <!-- setUp -->
        <test-method signature="loginTest()[pri:0, instance:testCases.LoginTest@20b12f8a]" started-at="2025-05-28T22:20:50 IST" name="loginTest" depends-on-groups="regression" finished-at="2025-05-28T22:20:54 IST" duration-ms="4019" status="PASS">
          <reporter-output>
          </reporter-output>
        </test-method> <!-- loginTest -->
        <test-method is-config="true" signature="tearDown()[pri:0, instance:testCases.LoginTest@20b12f8a]" started-at="2025-05-28T22:20:54 IST" name="tearDown" finished-at="2025-05-28T22:20:54 IST" duration-ms="179" status="PASS">
          <reporter-output>
          </reporter-output>
        </test-method> <!-- tearDown -->
      </class> <!-- testCases.LoginTest -->
      <class name="testCases.RegistrationPageTest">
        <test-method is-config="true" signature="setUp(java.lang.String,java.lang.String)[pri:0, instance:testCases.RegistrationPageTest@54e22bdd]" started-at="2025-05-28T22:20:42 IST" name="setUp" finished-at="2025-05-28T22:20:46 IST" duration-ms="4703" status="PASS">
          <params>
            <param index="0">
              <value>
                <![CDATA[Windows]]>
              </value>
            </param>
            <param index="1">
              <value>
                <![CDATA[chrome]]>
              </value>
            </param>
          </params>
          <reporter-output>
          </reporter-output>
        </test-method> <!-- setUp -->
        <test-method signature="Registration_Test()[pri:0, instance:testCases.RegistrationPageTest@54e22bdd]" started-at="2025-05-28T22:20:46 IST" name="Registration_Test" finished-at="2025-05-28T22:20:48 IST" duration-ms="1828" status="PASS">
          <reporter-output>
          </reporter-output>
        </test-method> <!-- Registration_Test -->
        <test-method is-config="true" signature="tearDown()[pri:0, instance:testCases.RegistrationPageTest@54e22bdd]" started-at="2025-05-28T22:20:48 IST" name="tearDown" finished-at="2025-05-28T22:20:48 IST" duration-ms="164" status="PASS">
          <reporter-output>
          </reporter-output>
        </test-method> <!-- tearDown -->
      </class> <!-- testCases.RegistrationPageTest -->
    </test> <!-- chrometest -->
  </suite> <!-- Suite -->
</testng-results>
