<?xml version="1.0" encoding="UTF-8"?>
<testng-results ignored="0" total="1" passed="1" failed="0" skipped="0">
  <reporter-output>
  </reporter-output>
  <suite started-at="2025-05-29T01:50:04 IST" name="Failed suite [Suite]" finished-at="2025-05-29T01:50:11 IST" duration-ms="6805">
    <groups>
      <group name="sanity">
        <method signature="LoginTest.loginTest()[pri:0, instance:testCases.LoginTest@5066d65f]" name="loginTest" class="testCases.LoginTest"/>
      </group> <!-- sanity -->
      <group name="master">
        <method signature="LoginTest.loginTest()[pri:0, instance:testCases.LoginTest@5066d65f]" name="loginTest" class="testCases.LoginTest"/>
      </group> <!-- master -->
    </groups>
    <test started-at="2025-05-29T01:50:04 IST" name="Test(failed)" finished-at="2025-05-29T01:50:11 IST" duration-ms="6805">
      <class name="testCases.LoginTest">
        <test-method is-config="true" signature="setUp(java.lang.String,java.lang.String)[pri:0, instance:testCases.LoginTest@5066d65f]" started-at="2025-05-29T01:50:04 IST" name="setUp" finished-at="2025-05-29T01:50:07 IST" duration-ms="2442" status="PASS">
          <params>
            <param index="0">
              <value>
                <![CDATA[Windows]]>
              </value>
            </param>
            <param index="1">
              <value>
                <![CDATA[chrome]]>
              </value>
            </param>
          </params>
          <reporter-output>
          </reporter-output>
        </test-method> <!-- setUp -->
        <test-method signature="loginTest()[pri:0, instance:testCases.LoginTest@5066d65f]" started-at="2025-05-29T01:50:07 IST" name="loginTest" finished-at="2025-05-29T01:50:11 IST" duration-ms="3989" status="PASS">
          <reporter-output>
          </reporter-output>
        </test-method> <!-- loginTest -->
        <test-method is-config="true" signature="tearDown()[pri:0, instance:testCases.LoginTest@5066d65f]" started-at="2025-05-29T01:50:11 IST" name="tearDown" finished-at="2025-05-29T01:50:11 IST" duration-ms="178" status="PASS">
          <reporter-output>
          </reporter-output>
        </test-method> <!-- tearDown -->
      </class> <!-- testCases.LoginTest -->
    </test> <!-- Test(failed) -->
  </suite> <!-- Failed suite [Suite] -->
</testng-results>
